make[1]: Entering directory '/home/dillonbrosche/kernel/kernel/msm-3.18/out'
  CHK     include/config/kernel.release
  GEN     ./Makefile
  CHK     include/generated/uapi/linux/version.h
  CHK     include/generated/utsrelease.h
  Using .. as source for kernel
  CALL    ../scripts/checksyscalls.sh
  CHK     include/generated/compile.h
  CHK     kernel/config_data.h
  AS      firmware/touch/elsa/L1L57P1_1_07.img.gen.o
  AS      firmware/touch/elsa/L1L52P1_1_05.img.gen.o
  CC      net/socket.o
  AS      firmware/touch/elsa/L0L57P1_1_35.img.gen.o
  CC      net/802/p8022.o
  AS      firmware/touch/elsa/L0L57P1_2_00.img.gen.o
  AS      firmware/touch/elsa/elsa_limit_mfts.txt.gen.o
  LD      arch/arm64/lib/built-in.o
  AS      arch/arm64/lib/bitops.o
  AS      firmware/touch/elsa/elsa_limit.txt.gen.o
  AS      arch/arm64/lib/clear_page.o
  COPY    firmware/analogix/mi1_eeprom_20_8b.img
  AS      firmware/analogix/mi1_eeprom_20_8b.img.gen.o
  AS      arch/arm64/lib/clear_user.o
  LD      firmware/built-in.o
  AS      arch/arm64/lib/copy_from_user.o
  AS      arch/arm64/lib/copy_in_user.o
  AS      arch/arm64/lib/copy_page.o
  CC      lib/lockref.o
  AS      arch/arm64/lib/copy_to_user.o
  CC      arch/arm64/lib/delay.o
  CC      lib/bcd.o
  CC      lib/div64.o
  CC      lib/sort.o
  CC      net/802/psnap.o
  AS      arch/arm64/lib/memchr.o
  AS      arch/arm64/lib/memcmp.o
  AS      arch/arm64/lib/memcpy.o
  AS      arch/arm64/lib/memmove.o
  AS      arch/arm64/lib/memset.o
  AS      arch/arm64/lib/strchr.o
  AS      arch/arm64/lib/strcmp.o
  AS      arch/arm64/lib/strlen.o
  CC      lib/parser.o
  AS      arch/arm64/lib/strncmp.o
  AS      arch/arm64/lib/strnlen.o
  AS      arch/arm64/lib/strrchr.o
  AR      arch/arm64/lib/lib.a
  LD      drivers/firmware/efi/libstub/built-in.o
  CC      drivers/firmware/efi/libstub/arm-stub.o
  CC      net/802/stp.o
  CC      lib/halfmd4.o
  DTC     arch/arm64/boot/dts/lge/../msm8996pro-elsa_spr_us_rev-0_2-pmi8996.dtb
  CC      lib/debug_locks.o
  CC      drivers/firmware/efi/libstub/efi-stub-helper.o
  CC      lib/random32.o
  DTC     arch/arm64/boot/dts/lge/../msm8996-elsa_spr_us_rev-0_2_v3-pmi8996.dtb
  LD      net/802/built-in.o
  CC      net/bluetooth/af_bluetooth.o
  CC      drivers/firmware/efi/libstub/fdt.o
  CC      lib/bust_spinlocks.o
  CC      lib/hexdump.o
  DTC     arch/arm64/boot/dts/lge/../msm8996-elsa_spr_us_rev-1.3_v3-pmi8996.dtb
  AR      drivers/firmware/efi/libstub/lib.a
  CC      net/bridge/br.o
  CC      lib/kasprintf.o
  LD      drivers/media/platform/omap/built-in.o
  CC      lib/bitmap.o
  CC      drivers/media/platform/soc_camera/soc_camera.o
  CC      net/bridge/br_device.o
  CC      net/bluetooth/hci_core.o
  DTC     arch/arm64/boot/dts/lge/../msm8996pro-elsa_spr_us_rev-1.2-pmi8996.dtb
  CC      lib/scatterlist.o
  CC      drivers/media/platform/msm/camera_v2/sensor/ois/lgit_imx234_rohm_ois.o
  CC      net/bridge/br_fdb.o
  CC      lib/gcd.o
  CC      lib/lcm.o
  CC      drivers/media/platform/soc_camera/soc_mediabus.o
  DTC     arch/arm64/boot/dts/lge/../msm8996-elsa_spr_us_rev-1.2_v3-pmi8996.dtb
  CC      lib/list_sort.o
  CC      drivers/media/platform/msm/camera_v2/sensor/ois/OIS_Init_IMT.o
  CC      net/bridge/br_forward.o
  CC      drivers/media/platform/soc_camera/soc_camera_platform.o
  CC      lib/uuid.o
  CC      lib/flex_array.o
  CC      drivers/media/platform/msm/camera_v2/sensor/ois/lgit_imx298_rohm_ois.o
  LD      drivers/media/platform/soc_camera/built-in.o
  CC      drivers/media/platform/msm/camera_v2/sensor/ois/lgit_s5k2p7_rohm_ois.o
  DTC     arch/arm64/boot/dts/lge/../msm8996pro-elsa_spr_us_rev-1.0-pmi8996_.dtb
  CC      lib/iovec.o
  CC      net/bridge/br_if.o
  CC      lib/clz_ctz.o
  CC      lib/bsearch.o
  CC      net/bluetooth/hci_conn.o
  CC      lib/find_last_bit.o
  CC      lib/find_next_bit.o
  LD      drivers/media/platform/msm/camera_v2/sensor/ois/built-in.o
  CC      lib/llist.o
  CC      drivers/media/platform/msm/camera_v2/sensor/proxy/msm_proxy.o
  CC      drivers/media/platform/msm/camera_v2/msm.o
  DTC     arch/arm64/boot/dts/lge/../msm8996-elsa_spr_us_rev-0_0_v3-pmi8996.dtb
  CC      lib/memweight.o
  CC      net/bridge/br_input.o
  CC      lib/kfifo.o
  CC      drivers/media/platform/msm/camera_v2/sensor/proxy/msm_proxy_i2c.o
  CC      lib/percpu-refcount.o
  CC      net/bluetooth/hci_event.o
  DTC     arch/arm64/boot/dts/lge/../msm8996-elsa_spr_us_rev-1.0_v3-pmi8996_.dtb
  CC      drivers/media/platform/msm/camera_v2/sensor/proxy/vl53l0_api.o
  CC      net/bridge/br_ioctl.o
  CC      drivers/media/platform/msm/camera_v2/sensor/proxy/vl53l010_api.o
  CC      lib/percpu_ida.o
  CC      net/bridge/br_stp.o
  CC      drivers/media/platform/msm/camera_v2/sensor/proxy/vl53l0_i2c.o
  CC      lib/hash.o
  DTC     arch/arm64/boot/dts/lge/../msm8996pro-elsa_spr_us_rev-0_1-pmi8996.dtb
  CC      lib/rhashtable.o
  CC      drivers/media/platform/msm/camera_v2/sensor/proxy/vl53l0_api_calibration.o
  CC      net/bridge/br_stp_bpdu.o
  CC      drivers/media/platform/msm/camera_v2/sensor/proxy/vl53l0_api_core.o
  CC      drivers/media/platform/msm/camera_v2/sensor/proxy/vl53l0_api_histogram.o
  CC      lib/reciprocal_div.o
  CC      lib/string_helpers.o
  DTC     arch/arm64/boot/dts/lge/../msm8996pro-elsa_spr_us_rev-c-pmi8996.dtb
  CC      net/bluetooth/mgmt.o
  CC      lib/kstrtox.o
  DTC     arch/arm64/boot/dts/lge/../msm8996-elsa_spr_us_rev-0_1_v3-pmi8996.dtb
  CC      drivers/media/platform/msm/camera_v2/sensor/proxy/vl53l0_api_ranging.o
  CC      net/bridge/br_stp_if.o
  CC      lib/iomap.o
  CC      drivers/media/platform/msm/camera_v2/sensor/proxy/vl53l0_api_strings.o
  CC      drivers/media/platform/msm/camera_v2/sensor/proxy/vl53l0_LG_G3_i2c.o
  CC      net/bridge/br_stp_timer.o
  CC      net/bridge/br_netlink.o
  DTC     arch/arm64/boot/dts/lge/../msm8996-elsa_spr_us_rev-c_v3-pmi8996.dtb
  CC      lib/pci_iomap.o
  CC      drivers/media/platform/msm/camera_v2/sensor/proxy/vl53l010_tuning.o
  LD      drivers/media/platform/msm/camera_v2/sensor/proxy/built-in.o
  CC      drivers/media/platform/msm/camera_v2/sensor/msm_sensor_init.o
  CC      drivers/media/platform/msm/camera_v2/sensor/msm_sensor_driver.o
  CC      lib/iomap_copy.o
  CC      net/bridge/br_sysfs_if.o
  CC      lib/devres.o
  CC      drivers/media/platform/msm/camera_v2/sensor/msm_sensor.o
  DTC     arch/arm64/boot/dts/lge/../msm8996pro-elsa_spr_us_rev-a-pmi8996.dtb
  CC      net/bridge/br_sysfs_br.o
  CC      net/bridge/br_nf_core.o
  CC      lib/hweight.o
  CC      lib/assoc_array.o
  CC      net/bluetooth/hci_sock.o
  LD      drivers/media/platform/msm/camera_v2/sensor/built-in.o
  LD      drivers/media/platform/msm/camera_v2/built-in.o
  CC      net/bridge/br_multicast.o
  LD      drivers/media/platform/msm/sde/built-in.o
  CC      drivers/media/platform/msm/vidc/msm_v4l2_vidc.o
  DTC     arch/arm64/boot/dts/lge/../msm8996-elsa_spr_us_rev-a_v3-pmi8996.dtb
  CC      net/bridge/br_mdb.o
  CC      lib/bitrev.o
  CC      net/bluetooth/hci_sysfs.o
  CC      lib/crc-ccitt.o
  CC      drivers/media/platform/msm/vidc/msm_vidc_common.o
  CC      net/bridge/netfilter/ebtables.o
  DTC     arch/arm64/boot/dts/lge/../msm8996pro-elsa_spr_us_rev-d-pmi8996.dtb
  CC      lib/crc16.o
  CC      net/bluetooth/l2cap_core.o
  HOSTCC  lib/gen_crc32table
  CC      lib/libcrc32c.o
  CC [M]  net/bridge/br_netfilter.o
  DTC     arch/arm64/boot/dts/lge/../msm8996pro-elsa_spr_us_rev-1.3-pmi8996.dtb
  CC      lib/genalloc.o
  CC      lib/lz4/lz4_compress.o
  CC      net/bridge/netfilter/ebtable_broute.o
  DTC     arch/arm64/boot/dts/lge/../msm8996pro-elsa_spr_us_rev-1.1-pmi8996.dtb
  DTC     arch/arm64/boot/dts/lge/../msm8996pro-elsa_spr_us_rev-b-pmi8996.dtb
  CC      lib/lz4/lz4_decompress.o
  LD      net/bridge/netfilter/built-in.o
  LD      net/bridge/bridge.o
  LD      net/bridge/built-in.o
  CC      net/core/sock.o
  LD      lib/lz4/built-in.o
  CC      lib/lzo/lzo1x_compress.o
  DTC     arch/arm64/boot/dts/lge/../msm8996-elsa_spr_us_rev-1.1_v3-pmi8996.dtb
  DTC     arch/arm64/boot/dts/lge/../msm8996pro-elsa_spr_us_rev-0_0-pmi8996.dtb
  CC      net/bluetooth/l2cap_sock.o
  CC      lib/lzo/lzo1x_decompress_safe.o
  CC      drivers/media/platform/msm/vidc/msm_vidc.o
  LD      lib/lzo/lzo_compress.o
  LD      lib/lzo/lzo_decompress.o
  LD      lib/lzo/built-in.o
  CC      lib/mpi/generic_mpih-lshift.o
  DTC     arch/arm64/boot/dts/lge/../msm8996-elsa_spr_us_rev-b_v3-pmi8996.dtb
  CC      net/bluetooth/smp.o
  CC      lib/mpi/generic_mpih-mul1.o
  CC      lib/mpi/generic_mpih-mul2.o
  CC      net/core/request_sock.o
  CC      net/bluetooth/sco.o
  CC      lib/mpi/generic_mpih-mul3.o
  CC      lib/mpi/generic_mpih-rshift.o
  DTC     arch/arm64/boot/dts/lge/../msm8996-elsa_spr_us_rev-d_v3-pmi8996.dtb
  CC      net/bluetooth/lib.o
  CC      drivers/media/platform/msm/vidc/msm_vdec.o
  CC      lib/mpi/generic_mpih-sub1.o
  CC      lib/mpi/generic_mpih-add1.o
  CC      net/core/skbuff.o
  CC      lib/mpi/mpicoder.o
  CC      lib/mpi/mpi-bit.o
  CC      net/bluetooth/a2mp.o
  CC      net/bluetooth/amp.o
  CC      lib/mpi/mpi-cmp.o
  CC      lib/mpi/mpih-cmp.o
  CC      lib/mpi/mpih-div.o
  CC      lib/mpi/mpih-mul.o
  CC      lib/mpi/mpi-pow.o
  LD      net/bluetooth/bluetooth.o
  LD      net/bluetooth/built-in.o
  CC      net/ethernet/eth.o
  CC      lib/mpi/mpiutil.o
  CC      drivers/media/platform/msm/vidc/msm_venc.o
  CC      drivers/media/platform/msm/vidc/msm_smem.o
  CC      net/core/iovec.o
  LD      lib/mpi/mpi.o
  LD      lib/mpi/built-in.o
  CC      lib/reed_solomon/reed_solomon.o
  LD      net/ethernet/built-in.o
  CC      net/core/datagram.o
  CC      drivers/media/platform/msm/vidc/msm_vidc_debug.o
  CC      net/core/stream.o
  LD      lib/reed_solomon/built-in.o
  CC      lib/zlib_deflate/deflate.o
  CC      net/core/scm.o
  CC      lib/zlib_deflate/deftree.o
  CC      drivers/media/platform/msm/vidc/msm_vidc_res_parse.o
  CC      net/core/gen_stats.o
  CC      net/core/gen_estimator.o
  CC      lib/zlib_deflate/deflate_syms.o
  CC      drivers/media/platform/msm/vidc/venus_hfi.o
  CC      drivers/media/platform/msm/vidc/hfi_response_handler.o
  LD      lib/zlib_deflate/zlib_deflate.o
  LD      lib/zlib_deflate/built-in.o
  CC      lib/zlib_inflate/inffast.o
  CC      lib/zlib_inflate/inflate.o
  CC      net/core/net_namespace.o
  CC      net/core/secure_seq.o
  CC      lib/zlib_inflate/infutil.o
  CC      net/core/flow_dissector.o
  CC      lib/zlib_inflate/inftrees.o
  CC      lib/zlib_inflate/inflate_syms.o
  CC      drivers/media/platform/msm/vidc/hfi_packetization.o
  CC      drivers/media/platform/msm/vidc/vidc_hfi.o
  CC      net/core/sysctl_net_core.o
  LD      lib/zlib_inflate/zlib_inflate.o
  LD      lib/zlib_inflate/built-in.o
  CC      lib/textsearch.o
  CC      drivers/media/platform/msm/vidc/venus_boot.o
  CC      net/core/dev.o
  CC      net/core/ethtool.o
  CC      lib/ts_kmp.o
  CC      drivers/media/platform/msm/vidc/msm_vidc_dcvs.o
  CC      lib/ts_bm.o
  CC      drivers/media/platform/msm/vidc/governors/msm_vidc_dyn_gov.o
  CC      lib/ts_fsm.o
  CC      lib/percpu_counter.o
  CC      drivers/media/platform/msm/vidc/vmem/vmem.o
  CC      drivers/media/platform/msm/vidc/vmem/vmem_debugfs.o
  CC      drivers/media/platform/msm/vidc/governors/msm_vidc_table_gov.o
  CC      net/core/dev_addr_lists.o
  CC      lib/audit.o
  CC      lib/compat_audit.o
  CC      lib/swiotlb.o
  LD      drivers/media/platform/msm/vidc/vmem/built-in.o
  CC      lib/iommu-helper.o
  CC      lib/syscall.o
  CC      lib/nlattr.o
  LD      drivers/media/platform/msm/vidc/governors/built-in.o
  LD      drivers/media/platform/msm/vidc/built-in.o
  CC      lib/checksum.o
  LD      drivers/media/platform/msm/built-in.o
  LD      drivers/media/platform/built-in.o
  CC      lib/cpu_rmap.o
  LD      drivers/media/radio/built-in.o
  LD      drivers/media/rc/keymaps/built-in.o
  LD      drivers/media/rc/built-in.o
  CC      net/core/dst.o
  CC      drivers/media/tuners/tuner-xc2028.o
  CC      lib/dynamic_queue_limits.o
  CC      lib/strncpy_from_user.o
  CC      lib/strnlen_user.o
  CC      lib/net_utils.o
  CC      drivers/media/tuners/tuner-simple.o
  CC      lib/asn1_decoder.o
  CC      net/core/netevent.o
  GEN     lib/oid_registry_data.c
  CC      lib/ucs2_string.o
  CC      lib/qmi_encdec.o
  CC      drivers/media/tuners/tuner-types.o
  CC      net/core/neighbour.o
  CC      lib/argv_split.o
  CC      net/core/rtnetlink.o
  CC      net/core/utils.o
  CC      drivers/media/tuners/mt20xx.o
  CC      lib/bug.o
  CC      lib/clz_tab.o
  CC      lib/cmdline.o
  CC      lib/cpumask.o
  CC      net/core/link_watch.o
  CC      lib/ctype.o
  CC      lib/dec_and_lock.o
  CC      drivers/media/tuners/tda8290.o
  CC      net/core/filter.o
  CC      lib/decompress.o
  CC      lib/decompress_inflate.o
  CC      lib/dump_stack.o
  CC      lib/earlycpio.o
  CC      lib/extable.o
  CC      lib/fdt.o
  CC      drivers/media/tuners/tea5767.o
  CC      lib/fdt_empty_tree.o
  CC      lib/fdt_ro.o
  CC      lib/fdt_rw.o
  CC      net/core/sock_diag.o
  CC      net/core/dev_ioctl.o
  CC      lib/fdt_strerror.o
  CC      net/core/tso.o
  CC      lib/fdt_sw.o
  CC      lib/fdt_wip.o
  CC      drivers/media/tuners/tea5761.o
  CC      lib/flex_proportions.o
  CC      lib/idr.o
  CC      net/core/flow.o
  CC      net/core/net-sysfs.o
  CC      drivers/media/tuners/tda9887.o
  CC      net/core/net-procfs.o
  CC      lib/int_sqrt.o
  CC      lib/ioremap.o
  CC      net/core/fib_rules.o
  CC      drivers/net/usb/hso.o
  CC      drivers/net/wireless/bcmdhd/src/dhd/sys/dhd_pno.o
  CC      drivers/media/tuners/tda827x.o
  CC      lib/irq_regs.o
  CC      net/core/net-traces.o
  CC      lib/is_single_threaded.o
  CC      lib/klist.o
  CC      drivers/media/tuners/tda18271-maps.o
  CC      net/core/sockev_nlmcast.o
  CC      lib/kobject.o
  CC      drivers/media/tuners/tda18271-common.o
  CC      drivers/net/usb/asix_devices.o
  LD      drivers/media/usb/b2c2/built-in.o
  LD      drivers/media/usb/dvb-usb/built-in.o
  LD      drivers/media/usb/dvb-usb-v2/built-in.o
  LD      drivers/media/usb/gspca/built-in.o
  CC [M]  drivers/media/usb/gspca/gspca.o
  CC      drivers/media/tuners/tda18271-fe.o
  CC      lib/kobject_uevent.o
  LD      net/core/built-in.o
  CC      drivers/net/usb/asix_common.o
  CC      net/ipc_router/ipc_router_core.o
  CC      drivers/net/wireless/bcmdhd/src/dhd/sys/dhd_common.o
  CC      drivers/net/usb/ax88172a.o
  CC      lib/md5.o
  CC      drivers/media/tuners/xc5000.o
  CC [M]  drivers/media/usb/gspca/autogain_functions.o
  CC      lib/plist.o
  CC      lib/proportions.o
  CC      drivers/net/usb/ax88179_178a.o
  CC      lib/radix-tree.o
  LD [M]  drivers/media/usb/gspca/gspca_main.o
  CC      drivers/net/wireless/bcmdhd/src/dhd/sys/dhd_ip.o
  LD      drivers/media/usb/s2255/built-in.o
  LD      drivers/media/usb/siano/built-in.o
  LD      drivers/media/usb/stkwebcam/built-in.o
  LD      drivers/media/usb/ttusb-budget/built-in.o
  LD      drivers/media/usb/ttusb-dec/built-in.o
  CC      drivers/media/usb/uvc/uvc_driver.o
  CC      drivers/media/tuners/xc4000.o
  CC      net/ipc_router/ipc_router_socket.o
  CC      drivers/net/usb/cdc_ether.o
  CC      lib/ratelimit.o
  CC      lib/rbtree.o
  CC      drivers/net/wireless/bcmdhd/src/dhd/sys/dhd_custom_gpio.o
  CC      drivers/media/usb/uvc/uvc_queue.o
  CC      lib/sha1.o
  CC      drivers/media/tuners/mc44s803.o
  CC      net/ipc_router/ipc_router_security.o
  CC      drivers/net/usb/cdc_eem.o
  CC      lib/show_mem.o
  CC      drivers/net/wireless/bcmdhd/src/dhd/sys/dhd_custom_lge.o
  CC      drivers/media/usb/uvc/uvc_v4l2.o
  CC      lib/string.o
  LD      drivers/media/tuners/tda18271.o
  LD      drivers/media/tuners/built-in.o
  CC      drivers/net/usb/dm9601.o
  CC      drivers/net/usb/sr9700.o
  CC      lib/timerqueue.o
  LD      net/ipc_router/built-in.o
  CC      net/ipv4/route.o
  CC      drivers/net/wireless/bcmdhd/src/dhd/sys/dhd_linux.o
  CC      lib/vsprintf.o
  CC      drivers/media/usb/uvc/uvc_video.o
  CC      drivers/net/usb/sr9800.o
  CC      drivers/net/usb/smsc75xx.o
  CC      drivers/net/usb/smsc95xx.o
  CC      drivers/media/usb/uvc/uvc_ctrl.o
  CC      drivers/net/usb/gl620a.o
  GEN     lib/crc32table.h
  CC      net/ipv4/inetpeer.o
  CC      lib/oid_registry.o
  CC      drivers/media/usb/uvc/uvc_status.o
  CC      drivers/net/usb/net1080.o
  CC      drivers/net/usb/plusb.o
  AR      lib/lib.a
  CC      lib/crc32.o
  CC      drivers/media/usb/uvc/uvc_isight.o
  CC      drivers/net/usb/rndis_host.o
  CC      drivers/net/usb/cdc_subset.o
  CC      drivers/media/usb/uvc/uvc_debugfs.o
  CC      net/ipv4/protocol.o
  CC      drivers/net/usb/zaurus.o
  LD      lib/built-in.o
  CC      drivers/media/usb/uvc/uvc_entity.o
  CC      drivers/net/usb/mcs7830.o
  CC      drivers/net/usb/usbnet.o
  CC      drivers/net/usb/int51x1.o
  LD      drivers/media/usb/uvc/uvcvideo.o
  LD      drivers/media/usb/uvc/built-in.o
  CC      net/ipv4/ip_input.o
  LD      drivers/media/usb/zr364xx/built-in.o
  LD      drivers/media/usb/built-in.o
  CC      drivers/media/v4l2-core/v4l2-dev.o
  CC      drivers/net/usb/kalmia.o
  CC      drivers/net/usb/ipheth.o
  CC      drivers/net/wireless/bcmdhd/src/dhd/sys/dhd_linux_sched.o
  CC      drivers/net/usb/sierra_net.o
  CC      drivers/net/wireless/bcmdhd/src/dhd/sys/dhd_cfg80211.o
  CC      drivers/media/v4l2-core/v4l2-ioctl.o
  CC      drivers/net/usb/cx82310_eth.o
  CC      net/ipv4/ip_fragment.o
  CC      net/ipv4/ip_forward.o
  CC      drivers/net/usb/cdc_ncm.o
  CC      drivers/net/usb/lg-vl600.o
  CC      drivers/net/wireless/bcmdhd/src/dhd/sys/dhd_linux_platdev.o
  CC      drivers/net/wireless/bcmdhd/src/dhd/sys/dhd_linux_wq.o
  CC      drivers/net/usb/qmi_wwan.o
  CC      net/ipv4/ip_options.o
  CC      drivers/net/wireless/bcmdhd/src/shared/aiutils.o
  CC      drivers/media/v4l2-core/v4l2-device.o
  CC      drivers/net/usb/cdc_mbim.o
  LD      drivers/net/usb/asix.o
  CC      net/ipv4/ip_output.o
  CC      drivers/net/wireless/bcmdhd/src/shared/bcmevent.o
  CC      drivers/net/wireless/bcmdhd/src/shared/bcmutils.o
  CC      drivers/media/v4l2-core/v4l2-fh.o
  CC      drivers/net/wireless/bcmdhd/src/shared/hnd_pktq.o
  LD      drivers/net/usb/built-in.o
  CC      net/ipv4/ip_sockglue.o
  CC      drivers/net/tun.o
  CC      drivers/media/v4l2-core/v4l2-event.o
  CC      drivers/net/wireless/bcmdhd/src/shared/hnd_pktpool.o
  CC      drivers/media/v4l2-core/v4l2-ctrls.o
  CC      drivers/media/v4l2-core/v4l2-subdev.o
  CC      net/ipv4/inet_hashtables.o
  CC      drivers/net/wireless/bcmdhd/src/shared/bcmwifi/src/bcmwifi_channels.o
  CC      net/ipv4/inet_timewait_sock.o
  CC      net/ipv4/inet_connection_sock.o
  CC      drivers/media/v4l2-core/v4l2-clk.o
  CC      drivers/net/wireless/bcmdhd/src/shared/hndpmu.o
  CC      net/ipv4/tcp.o
  CC      drivers/media/v4l2-core/v4l2-async.o
  CC      net/ipv4/tcp_input.o
  CC      drivers/net/wireless/bcmdhd/src/shared/linux_osl.o
  CC      drivers/media/v4l2-core/v4l2-compat-ioctl32.o
  CC      net/ipv4/tcp_output.o
  CC      drivers/media/v4l2-core/v4l2-of.o
  CC      drivers/net/wireless/bcmdhd/src/shared/sbutils.o
  CC      drivers/media/v4l2-core/v4l2-common.o
  CC      drivers/media/v4l2-core/v4l2-dv-timings.o
  CC      drivers/net/wireless/bcmdhd/src/shared/siutils.o
  CC      drivers/media/v4l2-core/v4l2-mem2mem.o
  CC      drivers/media/v4l2-core/videobuf-core.o
  CC      net/ipv4/tcp_timer.o
  CC      drivers/net/wireless/bcmdhd/src/wl/sys/wl_android.o
  CC      net/ipv4/tcp_ipv4.o
  CC      net/ipv4/tcp_minisocks.o
  CC      drivers/media/v4l2-core/videobuf2-core.o
  CC      net/ipv4/tcp_cong.o
  CC      drivers/net/wireless/bcmdhd/src/wl/sys/wl_cfg80211.o
  CC      net/ipv4/tcp_metrics.o
  CC      drivers/net/wireless/bcmdhd/src/wl/sys/wl_cfgp2p.o
  CC      net/ipv4/tcp_fastopen.o
  CC      net/ipv4/tcp_offload.o
  CC      drivers/media/v4l2-core/videobuf2-memops.o
  CC      net/ipv4/datagram.o
  CC      drivers/media/v4l2-core/videobuf2-vmalloc.o
  CC      net/ipv4/raw.o
  CC      net/ipv4/udp.o
  CC      net/ipv4/udplite.o
  LD      drivers/media/v4l2-core/videodev.o
  LD      drivers/media/v4l2-core/built-in.o
  CC      drivers/media/media-device.o
  CC      net/ipv4/udp_offload.o
  CC      drivers/media/media-devnode.o
  CC      net/ipv4/arp.o
  CC      net/ipv4/icmp.o
  CC      drivers/media/media-entity.o
  CC      net/ipv4/devinet.o
  LD      drivers/media/media.o
  LD      drivers/media/built-in.o
  CC      net/ipv4/af_inet.o
  CC      net/ipv4/igmp.o
  CC      drivers/pci/quirks.o
  CC      drivers/platform/msm/ipa/ipa_v2/ipa_flt.o
  CC      net/ipv4/fib_frontend.o
  CC      drivers/platform/msm/ipa/ipa_v2/ipa_rt.o
  CC      drivers/platform/msm/ipa/ipa_v2/ipa_dp.o
  CC      drivers/pci/msi.o
  CC      net/ipv4/fib_semantics.o
  CC      drivers/platform/msm/ipa/ipa_v2/ipa_client.o
  CC      net/ipv4/fib_trie.o
  CC      drivers/pci/setup-irq.o
  CC      drivers/net/wireless/bcmdhd/src/wl/sys/wl_cfg_btcoex.o
  CC      drivers/pci/pci-label.o
  CC      net/ipv4/inet_fragment.o
  CC      drivers/pci/syscall.o
  CC      drivers/platform/msm/ipa/ipa_v2/ipa_utils.o
  CC      drivers/platform/msm/ipa/ipa_v2/ipa_nat.o
  CC      drivers/pci/of.o
  CC      drivers/net/wireless/bcmdhd/src/wl/sys/wldev_common.o
  CC      net/ipv4/ping.o
  CC      drivers/pci/host/pci-msm.o
  CC      drivers/platform/msm/ipa/ipa_v2/ipa_intf.o
  CC      net/ipv4/ip_tunnel_core.o
  CC      drivers/net/wireless/bcmdhd/src/wl/sys/wl_linux_mon.o
  CC      drivers/net/wireless/bcmdhd/src/wl/sys/wl_roam.o
  CC      drivers/net/wireless/bcmdhd/src/dhd/sys/dhd_wlfc.o
  CC      net/ipv4/gre_offload.o
  CC      net/ipv4/ip_tunnel.o
  CC      drivers/net/wireless/bcmdhd/src/dhd/sys/dhd_pcie.o
  CC      drivers/platform/msm/ipa/ipa_v2/teth_bridge.o
  CC      net/ipv4/sysctl_net_ipv4.o
  CC      net/ipv4/sysfs_net_ipv4.o
  CC      drivers/platform/msm/ipa/ipa_v2/ipa_interrupts.o
  CC      net/ipv4/proc.o
  CC      drivers/net/wireless/bcmdhd/src/dhd/sys/dhd_pcie_linux.o
  CC      drivers/platform/msm/ipa/ipa_v2/ipa_uc.o
  CC      drivers/net/wireless/bcmdhd/src/dhd/sys/dhd_flowring.o
  CC      net/ipv4/fib_rules.o
  CC      drivers/net/wireless/bcmdhd/src/dhd/sys/dhd_msgbuf.o
  CC      drivers/platform/msm/ipa/ipa_v2/ipa_uc_wdi.o
  LD      drivers/pci/host/built-in.o
  LD      drivers/pci/built-in.o
  CC      drivers/platform/msm/ipa/ipa_v2/ipa_dma.o
  CC      drivers/power/power_supply_core.o
  CC      drivers/net/wireless/bcmdhd/src/shared/pcie_core.o
  CC      net/ipv4/udp_tunnel.o
  CC      drivers/platform/msm/ipa/ipa_v2/ipa_uc_mhi.o
  CC      drivers/platform/msm/ipa/ipa_v2/ipa_mhi.o
  CC      drivers/platform/msm/ipa/ipa_v2/rmnet_ipa.o
  CC      drivers/power/power_supply_sysfs.o
  CC      drivers/power/power_supply_leds.o
  CC      drivers/net/wireless/bcmdhd/src/dhd/sys/dhd_debug.o
  CC      net/ipv4/ah4.o
  CC      drivers/platform/msm/ipa/ipa_v2/ipa_qmi_service_v01.o
  CC      drivers/platform/msm/ipa/ipa_v2/ipa_qmi_service.o
  CC      drivers/platform/msm/ipa/ipa_v2/rmnet_ipa_fd_ioctl.o
  CC      drivers/power/smb1351-charger.o
  CC      drivers/power/qpnp-smbcharger.o
  CC      net/ipv4/esp4.o
  CC      drivers/pwm/core.o
  LD      drivers/platform/msm/ipa/ipa_v2/ipat.o
  LD      drivers/platform/msm/ipa/ipa_v2/built-in.o
  CC      drivers/platform/msm/ipa/ipa_api.o
  CC      drivers/net/wireless/bcmdhd/src/dhd/sys/dhd_debug_linux.o
  CC      drivers/pwm/sysfs.o
  CC      net/ipv4/ipcomp.o
  CC      drivers/power/pmic-voter.o
  CC      drivers/power/qpnp-fg.o
  CC      drivers/pwm/pwm-qpnp.o
  CC      drivers/net/wireless/bcmdhd/src/dhd/sys/dhd_custom_memprealloc.o
  CC      net/ipv4/xfrm4_tunnel.o
  CC      drivers/platform/msm/ipa/ipa_rm.o
  CC      drivers/net/wireless/bcmdhd/src/dhd/sys/dhd_custom_msm_lge.o
  CC      net/ipv4/xfrm4_mode_beet.o
  LD      drivers/pwm/built-in.o
  CC      drivers/regulator/core.o
  CC      drivers/net/wireless/bcmdhd/src/wl/sys/wl_cfgvendor.o
  CC      net/ipv4/tunnel4.o
  CC      drivers/platform/msm/ipa/ipa_rm_dependency_graph.o
  CC      drivers/platform/msm/ipa/ipa_rm_peers_list.o
  CC      drivers/platform/msm/ipa/ipa_rm_resource.o
  CC      net/ipv4/xfrm4_mode_transport.o
  CC      drivers/power/battery_current_limit.o
  CC      drivers/net/wireless/bcmdhd/src/shared/bcmxtlv.o
  CC      drivers/platform/msm/ipa/ipa_rm_inactivity_timer.o
  CC      net/ipv4/xfrm4_mode_tunnel.o
  CC      drivers/regulator/dummy.o
  CC      drivers/net/wireless/bcmdhd/src/shared/bcm_app_utils.o
  CC      drivers/power/msm_bcl.o
  CC      drivers/regulator/fixed-helper.o
  LD      drivers/platform/msm/ipa/ipa_common
  LD      drivers/platform/msm/ipa/built-in.o
  CC      net/ipv4/ipconfig.o
  CC      drivers/platform/msm/seemp_core/seemp_ringbuf.o
  CC      drivers/regulator/helpers.o
  CC      drivers/power/bcl_peripheral.o
  LD      drivers/net/wireless/bcmdhd/bcmdhd.o
  LD      drivers/net/wireless/bcmdhd/built-in.o
  LD      drivers/net/wireless/built-in.o
  CC      drivers/power/qcom/msm-pm.o
  CC      drivers/platform/msm/seemp_core/seemp_event_encoder.o
  LD      drivers/net/built-in.o
  CC      drivers/rtc/rtc-lib.o
  CC      drivers/regulator/devres.o
  LD      drivers/platform/msm/seemp_core/seemp_core.o
  LD      drivers/platform/msm/seemp_core/built-in.o
  CC      drivers/platform/msm/spmi/spmi.o
  CC      net/ipv4/netfilter.o
  CC      drivers/rtc/hctosys.o
  CC      drivers/power/qcom/pm-data.o
  CC      drivers/regulator/of_regulator.o
  CC      drivers/power/reset/msm-poweroff.o
  CC      drivers/rtc/systohc.o
  CC      drivers/platform/msm/spmi/spmi-resources.o
  CC      drivers/power/qcom/lpm-stats.o
  CC      drivers/rtc/class.o
  CC      drivers/regulator/fixed.o
  LD      drivers/power/reset/built-in.o
  CC      drivers/platform/msm/spmi/spmi-pmic-arb.o
  LD      drivers/power/power_supply.o
  CC      drivers/platform/msm/spmi/qpnp-int.o
  CC      net/ipv4/netfilter/nf_conntrack_l3proto_ipv4_compat.o
  CC      drivers/regulator/proxy-consumer.o
  CC      drivers/rtc/interface.o
  CC      drivers/power/qcom/pm-boot.o
  CC      drivers/regulator/mem-acc-regulator.o
  CC      net/ipv4/netfilter/nf_conntrack_l3proto_ipv4.o
  CC      net/ipv4/netfilter/nf_conntrack_proto_icmp.o
  CC      drivers/platform/msm/spmi/spmi-dbgfs.o
  CC      drivers/power/qcom/msm-core.o
  LD      drivers/platform/msm/spmi/built-in.o
  CC      drivers/rtc/rtc-dev.o
  CC      drivers/platform/msm/sps/bam.o
  CC      net/ipv4/netfilter/nf_nat_l3proto_ipv4.o
  CC      net/ipv4/netfilter/nf_nat_proto_icmp.o
  CC      drivers/regulator/fan53555.o
  CC      drivers/rtc/rtc-proc.o
  CC      drivers/regulator/rpm-smd-regulator.o
  CC      net/ipv4/netfilter/nf_defrag_ipv4.o
  CC      drivers/rtc/rtc-sysfs.o
  CC      drivers/power/qcom/debug_core.o
  CC      drivers/rtc/qpnp-rtc.o
  CC      net/ipv4/netfilter/nf_log_ipv4.o
  CC      drivers/power/qcom/apm.o
  CC      net/ipv4/netfilter/nf_reject_ipv4.o
  CC      drivers/regulator/qpnp-regulator.o
  CC      net/ipv4/netfilter/nf_nat_h323.o
  LD      drivers/rtc/rtc-core.o
  LD      drivers/rtc/built-in.o
  CC      drivers/scsi/scsi.o
  LD      drivers/power/qcom/built-in.o
  LD      drivers/power/built-in.o
  CC      drivers/sensors/sensors_ssc.o
  CC      drivers/slimbus/slimbus.o
  CC      net/ipv4/netfilter/nf_nat_pptp.o
  LD      drivers/sensors/built-in.o
  CC      drivers/regulator/spm-regulator.o
  AS      drivers/soc/qcom/idle-v8.o
  CC      drivers/soc/qcom/cpu_ops.o
  CC      net/ipv4/netfilter/nf_nat_masquerade_ipv4.o
  CC      drivers/soc/qcom/msm_rq_stats.o
  CC      drivers/scsi/hosts.o
  CC      drivers/regulator/cpr3-regulator.o
  CC      drivers/soc/qcom/memory_dump_v2.o
  CC      drivers/scsi/scsi_ioctl.o
  CC      drivers/slimbus/slim-msm.o
  CC      drivers/soc/qcom/watchdog_v2.o
  CC      net/ipv4/netfilter/nf_nat_proto_gre.o
  CC      drivers/platform/msm/sps/sps_bam.o
  CC      drivers/soc/qcom/common_log.o
  CC      drivers/scsi/constants.o
  CC      drivers/slimbus/slim-msm-ngd.o
  CC      net/ipv4/netfilter/ip_tables.o
  CC      drivers/soc/qcom/cpu_pwr_ctl.o
  CC      drivers/soc/qcom/cache_m4m_erp64.o
  CC      drivers/scsi/scsicam.o
  CC      drivers/platform/msm/sps/sps.o
  LD      drivers/slimbus/built-in.o
  CC      drivers/soc/qcom/socinfo.o
  CC      drivers/soundwire/soundwire.o
  CC      drivers/regulator/cpr3-util.o
  CC      drivers/scsi/scsi_error.o
  CC      net/ipv4/netfilter/iptable_filter.o
  CC      drivers/soundwire/swr-wcd-ctrl.o
  CC      drivers/soc/qcom/boot_stats.o
  CC      drivers/regulator/cpr3-hmss-regulator.o
  CC      drivers/soc/qcom/kryo-l2-accessors.o
  CC      net/ipv4/netfilter/iptable_mangle.o
  CC      drivers/scsi/scsi_lib.o
  CC      drivers/soc/qcom/rpm-smd.o
  CC      net/ipv4/netfilter/iptable_nat.o
  LD      drivers/soundwire/built-in.o
  CC      drivers/spi/spi.o
  CC      drivers/regulator/cpr3-mmss-regulator.o
  CC      drivers/platform/msm/sps/sps_dma.o
  CC      drivers/platform/msm/sps/sps_map.o
  CC      net/ipv4/netfilter/iptable_raw.o
  CC      drivers/platform/msm/sps/sps_mem.o
  CC      drivers/regulator/qpnp-labibb-regulator.o
  CC      drivers/platform/msm/sps/sps_rm.o
  CC      net/ipv4/netfilter/ipt_ah.o
  CC      drivers/scsi/scsi_lib_dma.o
  CC      drivers/soc/qcom/event_timer.o
  LD      drivers/platform/msm/sps/built-in.o
  CC      drivers/spi/spi-qup.o
  CC      drivers/platform/msm/qpnp-power-on.o
  CC      net/ipv4/netfilter/ipt_MASQUERADE.o
  CC      drivers/scsi/scsi_scan.o
  CC      drivers/soc/qcom/rpm-smd-debug.o
  CC      drivers/regulator/stub-regulator.o
  CC      drivers/spi/spi_qsd.o
  CC      drivers/soc/qcom/spm.o
  CC      net/ipv4/netfilter/ipt_REJECT.o
  CC      drivers/soc/qcom/spm_devices.o
  CC      drivers/regulator/kryo-regulator.o
  CC      net/ipv4/netfilter/arp_tables.o
  CC      drivers/platform/msm/qpnp-revid.o
  CC      drivers/scsi/scsi_sysfs.o
  LD      drivers/regulator/built-in.o
  CC      drivers/soc/qcom/scm.o
  CC      drivers/platform/msm/qpnp-coincell.o
  CC      drivers/soc/qcom/scm-boot.o
  CC      drivers/platform/msm/qpnp-haptic.o
  CC [M]  drivers/spi/spidev.o
  CC      drivers/soc/qcom/mpm-of.o
  CC      drivers/scsi/scsi_devinfo.o
  CC      drivers/soc/qcom/smem.o
  CC      net/ipv4/netfilter/arpt_mangle.o
  LD      drivers/spi/built-in.o
  CC      drivers/staging/staging.o
  CC      drivers/staging/android/ion/ion.o
  CC      drivers/scsi/scsi_sysctl.o
  CC      net/ipv4/netfilter/arptable_filter.o
  CC      drivers/soc/qcom/smem_debug.o
  CC      drivers/platform/msm/gpio-usbdetect.o
  CC      drivers/soc/qcom/smd.o
  CC      drivers/scsi/scsi_proc.o
  CC      drivers/soc/qcom/smd_debug.o
  CC      drivers/platform/msm/usb_bam.o
  LD      net/ipv4/netfilter/nf_conntrack_ipv4.o
  LD      net/ipv4/netfilter/nf_nat_ipv4.o
  LD      net/ipv4/netfilter/built-in.o
  CC      net/ipv4/inet_diag.o
  CC      drivers/soc/qcom/smd_private.o
  CC      drivers/scsi/scsi_trace.o
  CC      drivers/soc/qcom/smd_init_dt.o
  CC      drivers/staging/android/ion/ion_heap.o
  CC      drivers/scsi/scsi_pm.o
  CC      drivers/soc/qcom/smsm_debug.o
  CC      drivers/staging/android/ion/ion_page_pool.o
  CC      drivers/switch/switch_class.o
  CC      net/ipv4/tcp_diag.o
  CC      drivers/scsi/sd.o
  CC      drivers/soc/qcom/glink.o
  CC      drivers/staging/android/ion/ion_system_heap.o
  LD      drivers/switch/built-in.o
  CC      drivers/soc/qcom/glink_debugfs.o
  CC      net/ipv4/tcp_bic.o
  CC      drivers/staging/android/binder.o
  CC      drivers/staging/android/ion/ion_carveout_heap.o
  CC      net/ipv4/tcp_cubic.o
  CC      drivers/platform/msm/avtimer.o
  CC      drivers/staging/android/ion/ion_chunk_heap.o
  CC      net/ipv4/xfrm4_policy.o
  CC      drivers/staging/android/ion/ion_system_secure_heap.o
  CC      drivers/scsi/sg.o
  LD      drivers/platform/msm/built-in.o
  LD      drivers/platform/built-in.o
  CC      drivers/thermal/thermal_core.o
  CC      drivers/staging/android/ion/ion_cma_heap.o
  CC      net/ipv4/xfrm4_state.o
  CC      drivers/soc/qcom/glink_ssr.o
  CC      drivers/staging/android/ion/ion_cma_secure_heap.o
  CC      net/ipv4/xfrm4_input.o
  CC      drivers/scsi/ch.o
  CC      drivers/staging/android/ion/compat_ion.o
  CC      drivers/soc/qcom/glink_loopback_server.o
  CC      drivers/staging/android/ion/msm/msm_ion.o
  CC      net/ipv4/xfrm4_output.o
  CC      drivers/staging/android/ashmem.o
  LD      drivers/scsi/scsi_mod.o
  LD      drivers/scsi/sd_mod.o
  LD      drivers/scsi/built-in.o
  CC      drivers/thermal/thermal_hwmon.o
  CC      drivers/tty/tty_io.o
  CC      drivers/soc/qcom/glink_smd_xprt.o
  CC      drivers/thermal/of-thermal.o
  CC      drivers/staging/android/logger.o
  CC      drivers/staging/android/ion/msm/compat_msm_ion.o
  CC      net/ipv4/xfrm4_protocol.o
  CC      drivers/soc/qcom/glink_smem_native_xprt.o
  CC      drivers/staging/android/timed_output.o
  CC      drivers/thermal/step_wise.o
  LD      drivers/staging/android/ion/msm/built-in.o
  LD      drivers/staging/android/ion/built-in.o
  CC      drivers/staging/android/timed_gpio.o
  LD      drivers/thermal/samsung/built-in.o
  CC      drivers/thermal/msm-tsens.o
  CC      drivers/staging/android/lowmemorykiller.o
  CC      drivers/staging/android/sync.o
  CC      drivers/tty/n_tty.o
  CC [M]  net/ipv4/tcp_westwood.o
  CC      drivers/soc/qcom/smp2p.o
  CC      drivers/staging/android/sw_sync.o
  CC [M]  net/ipv4/tcp_htcp.o
  CC      drivers/staging/android/oneshot_sync.o
  LD      net/ipv4/built-in.o
  CC      drivers/tty/tty_ioctl.o
  CC      drivers/soc/qcom/smp2p_debug.o
  CC      drivers/soc/qcom/smp2p_sleepstate.o
  CC      net/ipv6/af_inet6.o
  LD      drivers/staging/android/built-in.o
  LD      drivers/staging/media/built-in.o
  LD      drivers/staging/built-in.o
  CC      net/ipv6/anycast.o
  CC      drivers/soc/qcom/smp2p_loopback.o
  CC      drivers/uio/uio.o
  CC      drivers/thermal/qpnp-temp-alarm.o
  CC      drivers/tty/tty_ldisc.o
  CC      drivers/soc/qcom/smp2p_test.o
  CC      net/ipv6/ip6_output.o
  CC      drivers/thermal/qpnp-adc-tm.o
  CC      drivers/uio/msm_sharedmem/msm_sharedmem.o
  CC      net/ipv6/ip6_input.o
  CC      drivers/uio/msm_sharedmem/remote_filesystem_access_v01.o
  CC      drivers/tty/tty_buffer.o
  CC      drivers/uio/msm_sharedmem/sharedmem_qmi.o
  CC      drivers/soc/qcom/smp2p_spinlock_test.o
  CC      net/ipv6/addrconf.o
  LD      drivers/uio/msm_sharedmem/built-in.o
  LD      drivers/uio/built-in.o
  CC      drivers/tty/tty_port.o
  CC      drivers/usb/class/cdc-acm.o
  CC      drivers/soc/qcom/qmi_interface.o
  CC      drivers/thermal/msm_thermal.o
  CC      drivers/tty/tty_mutex.o
  CC      drivers/usb/class/cdc-wdm.o
  CC      net/ipv6/addrlabel.o
  CC      drivers/tty/tty_ldsem.o
  CC      drivers/soc/qcom/ipc_router_glink_xprt.o
  CC      drivers/tty/pty.o
  LD      drivers/usb/class/built-in.o
  CC      net/ipv6/route.o
  CC      drivers/usb/common/common.o
  CC      drivers/soc/qcom/sysmon-glink.o
  CC      drivers/tty/tty_audit.o
  LD      drivers/usb/common/usb-common.o
  LD      drivers/usb/common/built-in.o
  CC      drivers/usb/core/usb.o
  CC      drivers/soc/qcom/sysmon-qmi.o
  CC      drivers/tty/sysrq.o
  CC      net/ipv6/ip6_fib.o
  CC      drivers/soc/qcom/lge/devices_lge.o
  CC      drivers/usb/core/hub.o
  LD      drivers/tty/ipwireless/built-in.o
  CC      drivers/tty/serial/serial_core.o
  CC      drivers/soc/qcom/lge/lge_handle_panic.o
  CC      drivers/thermal/msm_thermal-dev.o
  CC      net/ipv6/ipv6_sockglue.o
  CC      drivers/soc/qcom/lge/lge_bootloader_log.o
  CC      net/ipv6/ndisc.o
  CC      drivers/thermal/lmh_interface.o
  CC      drivers/soc/qcom/lge/lge_earjack_debugger.o
  CC      drivers/soc/qcom/lge/lge_bootloader_time_checker.o
  CC      drivers/tty/serial/earlycon.o
  CC      drivers/thermal/lmh_lite.o
  CC      drivers/soc/qcom/lge/lge_monitor_thermal.o
  CC      drivers/tty/serial/msm_serial_hs_lge.o
  CC      net/ipv6/udp.o
  CC      drivers/usb/core/hcd.o
  CC      drivers/soc/qcom/lge/lge_smpl_count.o
  CC      net/ipv6/udplite.o
  CC      drivers/soc/qcom/lge/lge_charging_scenario.o
  CC      drivers/soc/qcom/lge/lge_power_sysfs.o
  CC      drivers/thermal/virtual_temp_sensor.o
  CC      net/ipv6/raw.o
  CC      drivers/soc/qcom/lge/lge_pseudo_batt.o
  CC      drivers/soc/qcom/lge/lge_gpio_debug.o
  LD      drivers/thermal/thermal_sys.o
  LD      drivers/thermal/built-in.o
  CC      drivers/usb/core/urb.o
  CC      drivers/video/backlight/backlight.o
  CC      drivers/tty/serial/msm_serial_hs_lite.o
  CC      drivers/soc/qcom/lge/lge_boost_bypass.o
  CC      net/ipv6/icmp.o
  CC      drivers/soc/qcom/lge/lge_qfprom_access.o
  CC      drivers/video/backlight/generic_bl.o
  CC      drivers/usb/core/message.o
  CC      drivers/usb/core/driver.o
  CC      drivers/video/backlight/lm3697_bl.o
  CC      drivers/soc/qcom/lge/lge_pre_selfd.o
  CC      drivers/tty/serial/msm_smd_tty.o
  CC      drivers/soc/qcom/lge/power/lge_power_class_core.o
  CC [M]  drivers/video/backlight/lcd.o
  CC      net/ipv6/mcast.o
  CC      drivers/soc/qcom/lge/power/lge_power_class_sysfs.o
  CC      drivers/usb/core/config.o
  CC      drivers/soc/qcom/lge/power/lge_power_class_adc_qct.o
  LD      drivers/tty/serial/built-in.o
  LD      drivers/tty/vt/built-in.o
  LD      drivers/tty/built-in.o
  CC      drivers/soc/qcom/lge/power/lge_power_class_cable_detect.o
  CC      drivers/soc/qcom/lge/power/lge_power_class_charging_controller.o
  LD      drivers/video/backlight/built-in.o
  CC      drivers/video/fbdev/core/fb_notify.o
  CC      drivers/soc/qcom/lge/power/lge_power_class_battery_id_checker.o
  CC      drivers/usb/core/file.o
  CC      drivers/soc/qcom/lge/power/lge_power_class_uevent.o
  CC      drivers/video/fbdev/core/fb_cmdline.o
  CC      drivers/soc/qcom/lge/power/lge_power_class_board_revision.o
  CC      drivers/soc/qcom/lge/power/lge_power_class_store_mode.o
  CC      drivers/usb/core/buffer.o
  CC      drivers/video/fbdev/core/fbmem.o
  CC      drivers/usb/core/sysfs.o
  CC      drivers/video/fbdev/core/fbmon.o
  LD      drivers/soc/qcom/lge/power/built-in.o
  LD      drivers/soc/qcom/lge/built-in.o
  CC      drivers/soc/qcom/memshare/heap_mem_ext_v01.o
  CC      drivers/usb/core/endpoint.o
  CC      net/ipv6/reassembly.o
  CC      drivers/soc/qcom/memshare/msm_memshare.o
  CC      drivers/usb/core/devio.o
  CC      drivers/video/fbdev/core/fbcmap.o
  CC      drivers/usb/core/notify.o
  LD      drivers/soc/qcom/memshare/built-in.o
  CC      drivers/soc/qcom/qdsp6v2/apr.o
  CC      drivers/soc/qcom/qdsp6v2/apr_v2.o
  CC      drivers/soc/qcom/qdsp6v2/apr_tal.o
  CC      drivers/usb/core/generic.o
  CC      drivers/video/fbdev/core/fbsysfs.o
  CC      net/ipv6/tcp_ipv6.o
  CC      drivers/soc/qcom/qdsp6v2/voice_svc.o
  CC      drivers/soc/qcom/qdsp6v2/msm_audio_ion.o
  CC      drivers/usb/core/quirks.o
  CC      drivers/video/fbdev/core/modedb.o
  CC      drivers/usb/core/devices.o
  CC      drivers/soc/qcom/qdsp6v2/adsp-loader.o
  CC      drivers/usb/core/port.o
  CC      drivers/usb/core/hcd-pci.o
  CC      drivers/video/fbdev/core/fbcvt.o
  CC      drivers/video/fbdev/core/cfbfillrect.o
  CC      net/ipv6/ping.o
  LD      drivers/soc/qcom/qdsp6v2/built-in.o
  CC      net/ipv6/exthdrs.o
  CC      drivers/soc/qcom/rpm_stats.o
  CC      drivers/video/fbdev/core/cfbcopyarea.o
  LD      drivers/usb/core/usbcore.o
  CC      drivers/soc/qcom/rpm_master_stat.o
  LD      drivers/usb/core/built-in.o
  CC      drivers/video/fbdev/core/cfbimgblt.o
  CC      drivers/usb/dwc3/core.o
  LD      drivers/video/fbdev/core/fb.o
  CC      net/ipv6/datagram.o
  CC      net/ipv6/ip6_flowlabel.o
  CC      drivers/soc/qcom/rpm_rail_stats.o
  LD      drivers/video/fbdev/core/built-in.o
  CC      drivers/video/fbdev/msm/../../msm/mdss/lge/hplus/lge_mdss_dsi_hplus.o
  LD      drivers/video/fbdev/omap2/displays-new/built-in.o
  LD      drivers/video/fbdev/omap2/dss/built-in.o
  LD      drivers/video/fbdev/omap2/built-in.o
  CC      net/key/af_key.o
  CC      drivers/soc/qcom/system_stats.o
  CC      drivers/usb/dwc3/debug.o
  CC      drivers/video/fbdev/msm/../../msm/mdss/lge/hplus/lge_mdss_dsi_panel_hplus.o
  CC      drivers/soc/qcom/perf_event_kryo.o
  CC      drivers/usb/dwc3/trace.o
  CC      net/ipv6/inet6_connection_sock.o
  CC      net/ipv6/sysctl_net_ipv6.o
  LD      drivers/video/fbdev/msm/../../msm/mdss/lge/hplus/built-in.o
  CC      drivers/video/fbdev/msm/../../msm/mdss/lge/lge_mdss_aod.o
  CC      drivers/soc/qcom/perf_event_l2.o
  CC      drivers/usb/dwc3/host.o
  CC      net/ipv6/xfrm6_policy.o
  CC      drivers/video/fbdev/msm/../../msm/mdss/lge/lge_mdss_dsi.o
  CC      drivers/soc/qcom/rpm_log.o
  CC      drivers/usb/dwc3/gadget.o
  CC      drivers/usb/dwc3/ep0.o
  LD      net/key/built-in.o
  CC      net/l2tp/l2tp_core.o
  CC      drivers/video/fbdev/msm/../../msm/mdss/lge/lge_mdss_dsi_panel.o
  CC      drivers/soc/qcom/msm_glink_pkt.o
  CC      net/ipv6/xfrm6_state.o
  CC      drivers/video/fbdev/msm/../../msm/mdss/lge/lge_mdss_fb.o
  CC      drivers/usb/dwc3/dwc3-pci.o
  CC      net/ipv6/xfrm6_input.o
  CC      drivers/usb/dwc3/dwc3-msm.o
  CC      drivers/soc/qcom/peripheral-loader.o
  CC      drivers/video/fbdev/msm/../../msm/mdss/lge/lge_reader_mode.o
  CC      net/l2tp/l2tp_ppp.o
  LD      drivers/video/fbdev/msm/../../msm/mdss/lge/built-in.o
  CC      drivers/video/fbdev/msm/../../msm/mdss/mdss_mdp.o
  CC      drivers/video/fbdev/msm/../../msm/mdss/mdss_mdp_ctl.o
  CC      net/ipv6/xfrm6_output.o
  CC      drivers/soc/qcom/subsys-pil-tz.o
  CC      net/l2tp/l2tp_ip.o
  CC      drivers/soc/qcom/pil-q6v5.o
  CC      net/ipv6/xfrm6_protocol.o
  CC      drivers/usb/dwc3/dbm.o
  CC      net/l2tp/l2tp_netlink.o
  LD      drivers/usb/dwc3/dwc3.o
  LD      drivers/usb/dwc3/built-in.o
  CC      drivers/usb/gadget/usbstring.o
  CC      drivers/soc/qcom/pil-msa.o
  CC      net/ipv6/netfilter.o
  CC      drivers/usb/gadget/config.o
  CC      drivers/soc/qcom/pil-q6v5-mss.o
  CC      drivers/video/fbdev/msm/../../msm/mdss/mdss_mdp_pipe.o
  CC      drivers/soc/qcom/core_ctl_helper.o
  CC      drivers/usb/gadget/epautoconf.o
  CC      net/l2tp/l2tp_eth.o
  CC      drivers/soc/qcom/scm-errata.o
  CC      drivers/soc/qcom/msm_performance.o
  CC      net/ipv6/fib6_rules.o
  CC      drivers/usb/gadget/composite.o
  CC      drivers/soc/qcom/msm_cpu_voltage.o
  CC      net/l2tp/l2tp_debugfs.o
  CC      drivers/soc/qcom/subsystem_notif.o
  CC      net/ipv6/proc.o
  CC      net/l2tp/l2tp_ip6.o
  CC      drivers/video/fbdev/msm/../../msm/mdss/mdss_mdp_util.o
  CC      drivers/soc/qcom/subsystem_restart.o
  CC      net/ipv6/ah6.o
  CC      drivers/usb/gadget/functions.o
  CC      drivers/soc/qcom/ramdump.o
  LD      net/l2tp/built-in.o
  CC      drivers/usb/gadget/u_f.o
  CC      net/llc/llc_core.o
  CC      drivers/video/fbdev/msm/../../msm/mdss/dsi_status_6g.o
  CC      drivers/soc/qcom/secure_buffer.o
  CC      net/ipv6/esp6.o
  CC      drivers/usb/gadget/debug.o
  CC      drivers/usb/gadget/function/f_acm.o
  CC      drivers/video/fbdev/msm/../../msm/mdss/mdss_mdp_pp.o
  CC      drivers/soc/qcom/tracer_pkt.o
  LD      drivers/usb/gadget/legacy/built-in.o
  CC [M]  drivers/usb/gadget/legacy/laf.o
  CC      net/llc/llc_input.o
  CC      drivers/usb/gadget/function/u_serial.o
  CC      net/ipv6/ipcomp6.o
  CC      drivers/soc/qcom/msm_pacman.o
  LD [M]  drivers/usb/gadget/legacy/g_laf.o
  CC      drivers/soc/qcom/msm_rtb-hotplug.o
  CC      net/llc/llc_output.o
  CC      drivers/usb/gadget/udc/udc-core.o
  CC      net/ipv6/xfrm6_tunnel.o
  LD      drivers/soc/qcom/built-in.o
  LD      drivers/soc/built-in.o
  CC      drivers/usb/gadget/function/f_serial.o
  CC      drivers/usb/gadget/function/f_ncm.o
  LD      net/llc/llc.o
  LD      net/llc/built-in.o
  CC [M]  drivers/usb/gadget/udc/dummy_hcd.o
  CC      net/netfilter/core.o
  CC      drivers/usb/gadget/function/f_ecm.o
  CC      net/ipv6/tunnel6.o
  CC      drivers/usb/gadget/function/f_mass_storage.o
  CC      drivers/usb/gadget/function/storage_common.o
  CC      net/netfilter/nf_log.o
  LD      drivers/usb/gadget/udc/built-in.o
  CC      drivers/usb/gadget/android.o
  CC      net/ipv6/xfrm6_mode_transport.o
  CC      drivers/video/fbdev/msm/../../msm/mdss/mdss_mdp_pp_debug.o
  CC      drivers/usb/gadget/function/f_fs.o
  CC      net/ipv6/xfrm6_mode_tunnel.o
  CC      net/netfilter/nf_queue.o
  CC      drivers/video/fbdev/msm/../../msm/mdss/mdss_mdp_intf_video.o
  CC      drivers/video/fbdev/msm/../../msm/mdss/mdss_mdp_pp_cache_config.o
  CC      net/ipv6/xfrm6_mode_beet.o
  CC      net/netfilter/nf_sockopt.o
  CC      drivers/video/fbdev/msm/../../msm/mdss/mdss_mdp_intf_cmd.o
  CC      net/ipv6/mip6.o
  CC      drivers/usb/gadget/function/f_uac1.o
  CC      drivers/video/fbdev/msm/../../msm/mdss/mdss_mdp_intf_writeback.o
  CC      net/ipv6/netfilter/ip6_tables.o
  CC      net/netfilter/nfnetlink.o
  CC      drivers/video/fbdev/msm/../../msm/mdss/mdss_rotator.o
  CC      drivers/usb/gadget/function/u_uac1.o
  CC      drivers/video/fbdev/msm/../../msm/mdss/mdss_mdp_overlay.o
  CC      drivers/usb/gadget/function/f_audio_source.o
  CC      net/netfilter/nfnetlink_queue_core.o
  LD      drivers/usb/gadget/function/usb_f_acm.o
  LD      drivers/usb/gadget/function/usb_f_serial.o
  LD      drivers/usb/gadget/function/usb_f_ncm.o
  LD      drivers/usb/gadget/function/usb_f_ecm.o
  LD      drivers/usb/gadget/function/usb_f_mass_storage.o
  LD      drivers/usb/gadget/function/usb_f_fs.o
  LD      drivers/usb/gadget/function/usb_f_uac1.o
  LD      drivers/usb/gadget/function/usb_f_audio_source.o
  LD      drivers/usb/gadget/function/built-in.o
  CC      drivers/usb/gadget/u_lgeusb.o
  CC      net/ipv6/netfilter/ip6table_filter.o
  CC      drivers/video/fbdev/msm/../../msm/mdss/mdss_mdp_layer.o
  CC      net/netfilter/nfnetlink_log.o
  CC      net/ipv6/netfilter/ip6table_mangle.o
  LD      drivers/usb/gadget/libcomposite.o
  CC      net/ipv6/netfilter/ip6table_raw.o
  CC      net/ipv6/netfilter/nf_conntrack_l3proto_ipv6.o
  CC      net/ipv6/netfilter/nf_conntrack_proto_icmpv6.o
  CC      drivers/video/fbdev/msm/../../msm/mdss/mdss_mdp_splash_logo.o
  CC      net/netfilter/nf_conntrack_core.o
  CC      drivers/video/fbdev/msm/../../msm/mdss/mdss_mdp_cdm.o
  CC      net/ipv6/netfilter/nf_nat_l3proto_ipv6.o
  CC      net/ipv6/netfilter/nf_nat_proto_icmpv6.o
  CC      net/netlink/af_netlink.o
  CC      drivers/video/fbdev/msm/../../msm/mdss/mdss_smmu.o
  CC      net/netlink/genetlink.o
  CC      net/ipv6/netfilter/nf_defrag_ipv6_hooks.o
  CC      drivers/video/fbdev/msm/../../msm/mdss/mdss_mdp_wfd.o
  CC      net/netfilter/nf_conntrack_standalone.o
  CC      net/ipv6/netfilter/nf_conntrack_reasm.o
  CC      drivers/video/fbdev/msm/../../msm/mdss/mdss_mdp_pp_v1_7.o
  CC      net/ipv6/netfilter/nf_log_ipv6.o
  LD      net/netlink/built-in.o
  CC      net/packet/af_packet.o
  CC      net/netfilter/nf_conntrack_expect.o
  CC      net/ipv6/netfilter/nf_reject_ipv6.o
  CC      net/ipv6/netfilter/ip6t_REJECT.o
  CC      drivers/video/fbdev/msm/../../msm/mdss/mdss_mdp_pp_v3.o
  LD      net/ipv6/netfilter/nf_conntrack_ipv6.o
  LD      net/ipv6/netfilter/nf_nat_ipv6.o
  LD      net/ipv6/netfilter/nf_defrag_ipv6.o
  CC      drivers/video/fbdev/msm/../../msm/mdss/mdss_mdp_pp_common.o
  LD      net/ipv6/netfilter/built-in.o
  CC      net/netfilter/nf_conntrack_helper.o
  CC      net/ipv6/sit.o
  CC      drivers/video/fbdev/msm/../../msm/mdss/mdss_mdp_debug.o
  CC      drivers/video/fbdev/msm/../../msm/mdss/mdss_debug.o
  CC      drivers/video/fbdev/msm/../../msm/mdss/mdss_debug_xlog.o
  LD      net/packet/built-in.o
  CC      net/rfkill/core.o
  CC      net/netfilter/nf_conntrack_proto.o
  CC      net/ipv6/addrconf_core.o
  CC      drivers/video/fbdev/msm/../../msm/mdss/mdss_dsi.o
  CC      drivers/video/fbdev/msm/../../msm/mdss/mdss_dsi_host.o
  LD      net/rfkill/rfkill.o
  LD      net/rfkill/built-in.o
  CC      net/rmnet_data/rmnet_data_main.o
  CC      net/netfilter/nf_conntrack_l3proto_generic.o
  CC      net/ipv6/exthdrs_core.o
  CC      net/rmnet_data/rmnet_data_config.o
  CC      net/netfilter/nf_conntrack_proto_generic.o
  CC      drivers/video/fbdev/msm/../../msm/mdss/mdss_dsi_cmd.o
  CC      net/ipv6/ip6_checksum.o
  CC      drivers/video/fbdev/msm/../../msm/mdss/mdss_dsi_status.o
  LD      drivers/usb/gadget/g_android.o
  LD      drivers/usb/gadget/built-in.o
  CC      drivers/usb/host/pci-quirks.o
  CC      net/netfilter/nf_conntrack_proto_tcp.o
  CC      net/ipv6/ip6_icmp.o
  CC      drivers/video/fbdev/msm/../../msm/mdss/mdss_dsi_panel.o
  CC      net/rmnet_data/rmnet_data_vnd.o
  CC      net/ipv6/output_core.o
  CC      drivers/usb/host/xhci-pci.o
  CC      net/ipv6/protocol.o
  CC      net/rmnet_data/rmnet_data_handlers.o
  CC      net/netfilter/nf_conntrack_proto_udp.o
  CC      drivers/usb/host/xhci-plat.o
  CC      net/ipv6/ip6_offload.o
  CC      drivers/usb/host/ehci-hcd.o
  CC      drivers/video/fbdev/msm/../../msm/mdss/msm_mdss_io_8974.o
  CC      net/ipv6/tcpv6_offload.o
  CC      net/rmnet_data/rmnet_map_data.o
  CC      net/netfilter/nf_conntrack_extend.o
  CC      net/ipv6/udp_offload.o
  CC      net/ipv6/exthdrs_offload.o
  CC      net/rmnet_data/rmnet_map_command.o
  CC      net/ipv6/inet6_hashtables.o
  CC      net/netfilter/nf_conntrack_acct.o
  CC      net/ipv6/ip6_udp_tunnel.o
  CC      drivers/video/fbdev/msm/../../msm/mdss/mdss_dsi_phy.o
  CC      net/rmnet_data/rmnet_data_stats.o
  CC      drivers/video/fbdev/msm/../../msm/mdss/mdss_dsi_clk.o
  CC      net/netfilter/nf_conntrack_seqadj.o
  LD      net/rmnet_data/rmnet_data.o
  LD      net/rmnet_data/built-in.o
  LD      net/ipv6/ipv6.o
  CC      drivers/usb/host/ehci-pci.o
  CC      net/sched/sch_generic.o
  LD      net/ipv6/built-in.o
  CC      net/unix/af_unix.o
  CC      drivers/video/fbdev/msm/../../msm/mdss/mdss_panel.o
  CC      drivers/usb/host/xhci.o
  CC      drivers/usb/host/xhci-mem.o
  CC      net/netfilter/nf_conntrack_timeout.o
  CC      drivers/video/fbdev/msm/../../msm/mdss/mdss_hdmi_util.o
  CC      net/sched/sch_mq.o
  CC      net/netfilter/nf_conntrack_timestamp.o
  CC      net/sched/sch_api.o
  CC      drivers/usb/host/xhci-ring.o
  CC      drivers/video/fbdev/msm/../../msm/mdss/mdss_hdmi_edid.o
  CC      net/unix/garbage.o
  CC      net/netfilter/nf_conntrack_ecache.o
  CC      net/unix/sysctl_net_unix.o
  CC      drivers/usb/host/xhci-hub.o
  CC      drivers/video/fbdev/msm/../../msm/mdss/mdss_cec_core.o
  CC      net/netfilter/nf_conntrack_proto_dccp.o
  LD      net/unix/unix.o
  LD      net/unix/built-in.o
  CC      net/wireless/core.o
  CC      net/sched/sch_blackhole.o
  CC      drivers/usb/host/xhci-dbg.o
  CC      drivers/video/fbdev/msm/../../msm/mdss/mdss_dba_utils.o
  CC      drivers/usb/host/xhci-trace.o
  CC      net/sched/cls_api.o
  CC      net/netfilter/nf_conntrack_proto_gre.o
  CC      drivers/video/fbdev/msm/../../msm/mdss/mdss_io_util.o
  LD      drivers/usb/host/xhci-plat-hcd.o
  CC      drivers/video/fbdev/msm/../../msm/mdss/mdss_hdmi_tx.o
  LD      drivers/usb/host/xhci-hcd.o
  LD      drivers/usb/host/built-in.o
  LD      drivers/usb/mausb-dev-host/built-in.o
  CC [M]  drivers/usb/mausb-dev-host/mausb_common.o
  CC      drivers/video/fbdev/msm/../../msm/mdss/mdss_hdmi_panel.o
  CC      net/netfilter/nf_conntrack_proto_sctp.o
  CC      net/sched/act_api.o
  CC      net/wireless/sysfs.o
  CC      drivers/video/fbdev/msm/../../msm/mdss/mdss_hdmi_hdcp.o
  CC [M]  drivers/usb/mausb-dev-host/mausb_event.o
  CC      net/netfilter/nf_conntrack_proto_udplite.o
  CC      net/wireless/radiotap.o
  CC [M]  drivers/usb/mausb-dev-host/stub_dev.o
  CC      drivers/video/fbdev/msm/../../msm/mdss/mdss_hdmi_hdcp2p2.o
  CC      drivers/video/fbdev/msm/../../msm/mdss/mdss_hdmi_cec.o
  CC      net/netfilter/nf_conntrack_netlink.o
  CC      net/sched/sch_fifo.o
  CC [M]  drivers/usb/mausb-dev-host/stub_main.o
  CC      net/wireless/util.o
  CC      drivers/video/fbdev/msm/../../msm/mdss/mdss_hdmi_audio.o
  CC      drivers/video/fbdev/msm/../../msm/mdss/mdss_wb.o
  CC      drivers/video/fbdev/msm/../../msm/mdss/mdss_fb.o
  CC      net/wireless/reg.o
  CC      net/sched/sch_cbq.o
  CC [M]  drivers/usb/mausb-dev-host/stub_rx.o
  CC [M]  drivers/usb/mausb-dev-host/stub_tx.o
  CC      net/netfilter/nf_conntrack_amanda.o
  CC [M]  drivers/usb/mausb-dev-host/mausb_mgmt.o
  CC      net/sched/sch_htb.o
  CC      net/wireless/scan.o
  CC [M]  drivers/usb/mausb-dev-host/mausb_out.o
  CC      net/wireless/nl80211.o
  CC      net/netfilter/nf_conntrack_ftp.o
  CC [M]  drivers/usb/mausb-dev-host/mausb_in.o
  CC [M]  drivers/usb/mausb-dev-host/mausb_util.o
  CC      net/sched/sch_hfsc.o
  LD [M]  drivers/usb/mausb-dev-host/mausb-core.o
  LD [M]  drivers/usb/mausb-dev-host/mausb-device.o
  CC      drivers/usb/misc/ehset.o
  CC      net/netfilter/nf_conntrack_h323_main.o
  CC      net/wireless/mlme.o
  CC      drivers/usb/misc/anx7688/anx_i2c_intf.o
  CC      drivers/video/fbdev/msm/../../msm/mdss/mdss_util.o
  CC      drivers/usb/misc/anx7688/anx7688_core.o
  CC      net/sched/sch_red.o
  CC      drivers/video/fbdev/msm/../../msm/mdss/mdss_compat_utils.o
  CC      net/sched/sch_gred.o
  CC      net/netfilter/nf_conntrack_h323_asn1.o
  CC      drivers/usb/misc/anx7688/anx7688_firmware.o
  CC      net/wireless/ibss.o
  CC      net/netfilter/nf_conntrack_irc.o
  CC      drivers/usb/misc/anx7688/anx7688_pd.o
  CC      net/sched/sch_ingress.o
  CC      drivers/usb/misc/anx7688/anx7688_debugfs.o
  CC      net/sched/sch_dsmark.o
  CC      net/netfilter/nf_conntrack_broadcast.o
  CC      net/wireless/sme.o
  CC      drivers/usb/misc/anx7688/anx7688_dp.o
  CC      net/sched/sch_sfb.o
  LD      drivers/video/fbdev/msm/../../msm/mdss/mdss-mdp.o
  LD      drivers/video/fbdev/msm/../../msm/mdss/mdss-dsi.o
  LD      drivers/usb/misc/anx7688/built-in.o
  LD      drivers/video/fbdev/msm/../../msm/mdss/built-in.o
  LD      drivers/usb/misc/built-in.o
  CC      drivers/usb/phy/phy.o
  LD      drivers/video/fbdev/msm/../../msm/built-in.o
  CC      net/netfilter/nf_conntrack_netbios_ns.o
  LD      drivers/video/fbdev/msm/built-in.o
  LD      drivers/video/fbdev/built-in.o
  CC      net/sched/sch_sfq.o
  LD      drivers/video/built-in.o
  CC      net/sched/sch_tbf.o
  CC      net/netfilter/nf_conntrack_pptp.o
  CC      drivers/usb/phy/of.o
  CC      net/wireless/chan.o
  CC      net/sched/sch_teql.o
  CC      net/sched/sch_prio.o
  CC      drivers/usb/phy/class-dual-role.o
  CC      net/netfilter/nf_conntrack_sane.o
  CC      net/sched/sch_multiq.o
  CC      net/sched/sch_netem.o
  CC      drivers/usb/phy/phy-generic.o
  CC      net/wireless/ethtool.o
  CC      net/wireless/mesh.o
  CC      net/netfilter/nf_conntrack_tftp.o
  CC      net/sched/sch_drr.o
  CC      drivers/usb/phy/phy-msm-ssusb-qmp.o
  CC      net/sched/sch_mqprio.o
  CC      net/wireless/ap.o
  CC      net/wireless/trace.o
  CC      net/sched/sch_choke.o
  CC      net/netfilter/nf_log_common.o
  CC      drivers/usb/phy/phy-msm-qusb.o
  CC      net/sched/sch_qfq.o
  CC      net/wireless/regdb.o
  LD      drivers/usb/phy/built-in.o
  CC      drivers/usb/serial/usb-serial.o
  CC      drivers/usb/storage/uas.o
  CC      net/netfilter/nf_nat_core.o
  CC      net/netfilter/nf_nat_proto_unknown.o
  CC      net/sched/cls_u32.o
  CC      net/netfilter/nf_nat_proto_common.o
  CC      drivers/usb/storage/scsiglue.o
  CC      drivers/usb/serial/generic.o
  CC      net/sched/cls_fw.o
  CC      net/netfilter/nf_nat_proto_udp.o
  CC      net/netfilter/nf_nat_proto_tcp.o
  CC      drivers/usb/storage/protocol.o
  CC      drivers/usb/serial/bus.o
  CC      net/sched/cls_flow.o
  CC      net/netfilter/nf_nat_helper.o
  CC      net/netfilter/nf_nat_proto_dccp.o
  CC      drivers/usb/serial/ftdi_sio.o
  CC      drivers/usb/storage/transport.o
  CC      net/netfilter/nf_nat_proto_udplite.o
  CC      net/sched/ematch.o
  CC      net/netfilter/nf_nat_proto_sctp.o
  CC      drivers/usb/serial/pl2303.o
  CC      net/netfilter/nf_nat_amanda.o
  CC      drivers/usb/storage/usb.o
  CC      net/netfilter/nf_nat_ftp.o
  LD      drivers/usb/serial/usbserial.o
  LD      drivers/usb/serial/built-in.o
  CC      net/sched/em_cmp.o
  CC      net/sched/em_nbyte.o
  CC      net/netfilter/nf_nat_irc.o
  CC      net/netfilter/nf_nat_tftp.o
  CC      net/sched/em_u32.o
  CC      drivers/usb/storage/initializers.o
  CC      net/netfilter/x_tables.o
  CC      drivers/usb/storage/sierra_ms.o
  CC      drivers/usb/storage/option_ms.o
  LD      net/wireless/cfg80211.o
  LD      net/wireless/built-in.o
  CC      net/sched/em_meta.o
  CC      net/netfilter/xt_tcpudp.o
  CC      net/xfrm/xfrm_policy.o
  CC      drivers/usb/storage/usual-tables.o
  CC      drivers/usb/storage/alauda.o
  CC      drivers/usb/storage/cypress_atacb.o
  CC      net/netfilter/xt_mark.o
  CC      net/sched/em_text.o
  CC      drivers/usb/storage/datafab.o
  CC      net/netfilter/xt_connmark.o
  CC      net/netfilter/xt_nat.o
  CC      drivers/usb/storage/freecom.o
  LD      net/sched/built-in.o
  CC      net/compat.o
  CC      drivers/usb/storage/isd200.o
  CC      net/netfilter/xt_CLASSIFY.o
  CC      drivers/usb/storage/jumpshot.o
  CC      net/netfilter/xt_CONNSECMARK.o
  CC      net/netfilter/xt_CT.o
  CC      net/netfilter/xt_LOG.o
  CC      drivers/usb/storage/karma.o
  CC      drivers/usb/storage/onetouch.o
  CC      drivers/usb/storage/realtek_cr.o
  CC      drivers/usb/storage/sddr09.o
  CC      net/xfrm/xfrm_state.o
  CC      net/netfilter/xt_NETMAP.o
  CC      net/sysctl_net.o
  CC      net/netfilter/xt_NFLOG.o
  CC      net/netfilter/xt_NFQUEUE.o
  CC      net/netfilter/xt_REDIRECT.o
  CC      drivers/usb/storage/sddr55.o
  CC      drivers/usb/storage/shuttle_usbat.o
  CC      net/activity_stats.o
  CC      net/netfilter/xt_SECMARK.o
  CC      net/netfilter/xt_TPROXY.o
  LD      drivers/usb/storage/usb-storage.o
  LD      drivers/usb/storage/ums-alauda.o
  LD      drivers/usb/storage/ums-cypress.o
  LD      drivers/usb/storage/ums-datafab.o
  LD      drivers/usb/storage/ums-freecom.o
  LD      drivers/usb/storage/ums-isd200.o
  LD      drivers/usb/storage/ums-jumpshot.o
  LD      drivers/usb/storage/ums-karma.o
  LD      drivers/usb/storage/ums-onetouch.o
  LD      drivers/usb/storage/ums-realtek.o
  CC      net/netfilter/xt_TCPMSS.o
  LD      drivers/usb/storage/ums-sddr09.o
  LD      drivers/usb/storage/ums-sddr55.o
  CC      net/xfrm/xfrm_hash.o
  LD      drivers/usb/storage/ums-usbat.o
  LD      drivers/usb/storage/built-in.o
  LD      drivers/usb/built-in.o
  CC      net/netfilter/xt_TEE.o
  CC      net/netfilter/xt_TRACE.o
  LD      drivers/built-in.o
  CC      net/netfilter/xt_IDLETIMER.o
  CC      net/xfrm/xfrm_input.o
  CC      net/netfilter/xt_HARDIDLETIMER.o
  CC      net/netfilter/xt_comment.o
  CC      net/netfilter/xt_connbytes.o
  CC      net/netfilter/xt_connlimit.o
  CC      net/netfilter/xt_conntrack.o
  CC      net/netfilter/xt_ecn.o
  CC      net/netfilter/xt_esp.o
  CC      net/xfrm/xfrm_output.o
  CC      net/xfrm/xfrm_sysctl.o
  CC      net/netfilter/xt_hashlimit.o
  CC      net/netfilter/xt_helper.o
  CC      net/netfilter/xt_hl.o
  CC      net/netfilter/xt_iprange.o
  CC      net/netfilter/xt_l2tp.o
  CC      net/xfrm/xfrm_replay.o
  CC      net/netfilter/xt_length.o
  CC      net/netfilter/xt_limit.o
  CC      net/netfilter/xt_mac.o
  CC      net/xfrm/xfrm_proc.o
  CC      net/netfilter/xt_multiport.o
  CC      net/netfilter/xt_pkttype.o
  CC      net/netfilter/xt_policy.o
  CC      net/netfilter/xt_qtaguid_print.o
  CC      net/xfrm/xfrm_algo.o
  CC      net/xfrm/xfrm_user.o
  CC      net/xfrm/xfrm_ipcomp.o
  CC      net/netfilter/xt_qtaguid.o
  CC      net/netfilter/xt_quota.o
  CC      net/netfilter/xt_quota2.o
  CC      net/netfilter/xt_socket.o
  CC      net/netfilter/xt_state.o
  CC      net/netfilter/xt_statistic.o
  CC      net/netfilter/xt_string.o
  CC      net/netfilter/xt_tcpmss.o
  CC      net/netfilter/xt_time.o
  LD      net/xfrm/built-in.o
  CC      net/netfilter/xt_u32.o
  CC      net/netfilter/interceptor_v34/ip_selector_db.o
  LD      net/netfilter/netfilter.o
  LD      net/netfilter/nfnetlink_queue.o
  LD      net/netfilter/nf_conntrack.o
  LD      net/netfilter/nf_conntrack_h323.o
  LD      net/netfilter/nf_nat.o
  CC      net/netfilter/interceptor_v34/ip_selector_match.o
  CC      net/netfilter/interceptor_v34/kernelspd_main.o
  CC      net/netfilter/interceptor_v34/kernelspd_hooks.o
  CC      net/netfilter/interceptor_v34/kernelspd_procfs.o
  CC      net/netfilter/interceptor_v34/ipsec_boundary.o
  CC      net/netfilter/interceptor_v34/debug_filter.o
  CC      net/netfilter/interceptor_v34/debug_strf.o
  CC      net/netfilter/interceptor_v34/debug_linux.o
  CC      net/netfilter/interceptor_v34/debug_strbuf_stack.o
  LD      net/netfilter/interceptor_v34/vpnclient.o
  LD      net/netfilter/interceptor_v34/built-in.o
  LD      net/netfilter/built-in.o
  LD      net/built-in.o
  LINK    vmlinux
  LD      vmlinux.o
  MODPOST vmlinux.o
  GEN     .version
  CHK     include/generated/compile.h
  UPD     include/generated/compile.h
  CC      init/version.o
  LD      init/built-in.o
  KSYM    .tmp_kallsyms1.o
  KSYM    .tmp_kallsyms2.o
  LD      vmlinux
  SORTEX  vmlinux
  SYSMAP  System.map
  OBJCOPY arch/arm64/boot/Image
  GZIP    arch/arm64/boot/Image.gz
  Building modules, stage 2.
  MODPOST 21 modules
  CC      block/test-iosched.mod.o
  CC      crypto/ansi_cprng.mod.o
  CC      drivers/bluetooth/bluetooth-power.mod.o
  CC      drivers/bluetooth/broadcom/line_discipline_driver/brcm_hci_ldisc.mod.o
  CC      drivers/bluetooth/broadcom/bt_protocol_driver/brcm_bt_drv.mod.o
  CC      drivers/bluetooth/broadcom/v4l2_fm_driver/fm_drv.mod.o
  CC      drivers/char/rdbg.mod.o
  CC      drivers/input/evbug.mod.o
  CC      drivers/media/usb/gspca/gspca_main.mod.o
  CC      drivers/mmc/card/mmc_block_test.mod.o
  CC      drivers/mmc/card/mmc_test.mod.o
  CC      drivers/spi/spidev.mod.o
  CC      drivers/usb/gadget/legacy/g_laf.mod.o
  CC      drivers/usb/gadget/udc/dummy_hcd.mod.o
  CC      drivers/usb/mausb-dev-host/mausb-core.mod.o
  CC      drivers/usb/mausb-dev-host/mausb-device.mod.o
  CC      drivers/video/backlight/lcd.mod.o
  CC      fs/exfat/exfat.mod.o
  CC      net/bridge/br_netfilter.mod.o
  CC      net/ipv4/tcp_htcp.mod.o
  CC      net/ipv4/tcp_westwood.mod.o
  LD [M]  block/test-iosched.ko
  LD [M]  crypto/ansi_cprng.ko
  LD [M]  drivers/bluetooth/bluetooth-power.ko
  LD [M]  drivers/bluetooth/broadcom/bt_protocol_driver/brcm_bt_drv.ko
  LD [M]  drivers/bluetooth/broadcom/line_discipline_driver/brcm_hci_ldisc.ko
  LD [M]  drivers/bluetooth/broadcom/v4l2_fm_driver/fm_drv.ko
  LD [M]  drivers/char/rdbg.ko
  LD [M]  drivers/input/evbug.ko
  LD [M]  drivers/media/usb/gspca/gspca_main.ko
  LD [M]  drivers/mmc/card/mmc_block_test.ko
  LD [M]  drivers/mmc/card/mmc_test.ko
  LD [M]  drivers/spi/spidev.ko
  LD [M]  drivers/usb/gadget/legacy/g_laf.ko
  LD [M]  drivers/usb/gadget/udc/dummy_hcd.ko
  LD [M]  drivers/usb/mausb-dev-host/mausb-core.ko
  LD [M]  drivers/usb/mausb-dev-host/mausb-device.ko
  LD [M]  drivers/video/backlight/lcd.ko
  LD [M]  fs/exfat/exfat.ko
  LD [M]  net/bridge/br_netfilter.ko
  LD [M]  net/ipv4/tcp_htcp.ko
  LD [M]  net/ipv4/tcp_westwood.ko
  CAT     arch/arm64/boot/Image.gz-dtb
make[1]: Leaving directory '/home/dillonbrosche/kernel/kernel/msm-3.18/out'
